<?xml version="1.0" encoding="UTF-8"?>
<testsuite xmlns:xsi="http://www.w3.org/2001/XMLSchema-instance" xsi:noNamespaceSchemaLocation="https://maven.apache.org/surefire/maven-surefire-plugin/xsd/surefire-test-report.xsd" name="com.example.restservice.GreetingControllerTests" time="0.316" tests="1" errors="1" skipped="0" failures="0">
  <properties>
    <property name="agent" value="true"/>
    <property name="java.specification.version" value="17"/>
    <property name="sun.jnu.encoding" value="UTF-8"/>
    <property name="java.class.path" value="/home/sseighma/code/Spring-GraalVM-REST-Example/target/test-classes:/home/sseighma/code/Spring-GraalVM-REST-Example/target/classes:/home/sseighma/.m2/repository/org/springframework/boot/spring-boot-starter-web/3.0.0-RC2/spring-boot-starter-web-3.0.0-RC2.jar:/home/sseighma/.m2/repository/org/springframework/boot/spring-boot-starter/3.0.0-RC2/spring-boot-starter-3.0.0-RC2.jar:/home/sseighma/.m2/repository/org/springframework/boot/spring-boot/3.0.0-RC2/spring-boot-3.0.0-RC2.jar:/home/sseighma/.m2/repository/org/springframework/boot/spring-boot-autoconfigure/3.0.0-RC2/spring-boot-autoconfigure-3.0.0-RC2.jar:/home/sseighma/.m2/repository/org/springframework/boot/spring-boot-starter-logging/3.0.0-RC2/spring-boot-starter-logging-3.0.0-RC2.jar:/home/sseighma/.m2/repository/ch/qos/logback/logback-classic/1.4.4/logback-classic-1.4.4.jar:/home/sseighma/.m2/repository/ch/qos/logback/logback-core/1.4.4/logback-core-1.4.4.jar:/home/sseighma/.m2/repository/org/apache/logging/log4j/log4j-to-slf4j/2.19.0/log4j-to-slf4j-2.19.0.jar:/home/sseighma/.m2/repository/org/apache/logging/log4j/log4j-api/2.19.0/log4j-api-2.19.0.jar:/home/sseighma/.m2/repository/org/slf4j/jul-to-slf4j/2.0.3/jul-to-slf4j-2.0.3.jar:/home/sseighma/.m2/repository/jakarta/annotation/jakarta.annotation-api/2.1.1/jakarta.annotation-api-2.1.1.jar:/home/sseighma/.m2/repository/org/yaml/snakeyaml/1.33/snakeyaml-1.33.jar:/home/sseighma/.m2/repository/org/springframework/boot/spring-boot-starter-json/3.0.0-RC2/spring-boot-starter-json-3.0.0-RC2.jar:/home/sseighma/.m2/repository/com/fasterxml/jackson/core/jackson-databind/2.14.0-rc3/jackson-databind-2.14.0-rc3.jar:/home/sseighma/.m2/repository/com/fasterxml/jackson/core/jackson-annotations/2.14.0-rc3/jackson-annotations-2.14.0-rc3.jar:/home/sseighma/.m2/repository/com/fasterxml/jackson/core/jackson-core/2.14.0-rc3/jackson-core-2.14.0-rc3.jar:/home/sseighma/.m2/repository/com/fasterxml/jackson/datatype/jackson-datatype-jdk8/2.14.0-rc3/jackson-datatype-jdk8-2.14.0-rc3.jar:/home/sseighma/.m2/repository/com/fasterxml/jackson/datatype/jackson-datatype-jsr310/2.14.0-rc3/jackson-datatype-jsr310-2.14.0-rc3.jar:/home/sseighma/.m2/repository/com/fasterxml/jackson/module/jackson-module-parameter-names/2.14.0-rc3/jackson-module-parameter-names-2.14.0-rc3.jar:/home/sseighma/.m2/repository/org/springframework/boot/spring-boot-starter-tomcat/3.0.0-RC2/spring-boot-starter-tomcat-3.0.0-RC2.jar:/home/sseighma/.m2/repository/org/apache/tomcat/embed/tomcat-embed-core/10.1.1/tomcat-embed-core-10.1.1.jar:/home/sseighma/.m2/repository/org/apache/tomcat/embed/tomcat-embed-el/10.1.1/tomcat-embed-el-10.1.1.jar:/home/sseighma/.m2/repository/org/apache/tomcat/embed/tomcat-embed-websocket/10.1.1/tomcat-embed-websocket-10.1.1.jar:/home/sseighma/.m2/repository/org/springframework/spring-web/6.0.0-RC4/spring-web-6.0.0-RC4.jar:/home/sseighma/.m2/repository/org/springframework/spring-beans/6.0.0-RC4/spring-beans-6.0.0-RC4.jar:/home/sseighma/.m2/repository/org/springframework/spring-webmvc/6.0.0-RC4/spring-webmvc-6.0.0-RC4.jar:/home/sseighma/.m2/repository/org/springframework/spring-aop/6.0.0-RC4/spring-aop-6.0.0-RC4.jar:/home/sseighma/.m2/repository/org/springframework/spring-context/6.0.0-RC4/spring-context-6.0.0-RC4.jar:/home/sseighma/.m2/repository/org/springframework/spring-expression/6.0.0-RC4/spring-expression-6.0.0-RC4.jar:/home/sseighma/.m2/repository/org/springframework/boot/spring-boot-starter-test/3.0.0-RC2/spring-boot-starter-test-3.0.0-RC2.jar:/home/sseighma/.m2/repository/org/springframework/boot/spring-boot-test/3.0.0-RC2/spring-boot-test-3.0.0-RC2.jar:/home/sseighma/.m2/repository/org/springframework/boot/spring-boot-test-autoconfigure/3.0.0-RC2/spring-boot-test-autoconfigure-3.0.0-RC2.jar:/home/sseighma/.m2/repository/com/jayway/jsonpath/json-path/2.7.0/json-path-2.7.0.jar:/home/sseighma/.m2/repository/net/minidev/json-smart/2.4.8/json-smart-2.4.8.jar:/home/sseighma/.m2/repository/net/minidev/accessors-smart/2.4.8/accessors-smart-2.4.8.jar:/home/sseighma/.m2/repository/org/ow2/asm/asm/9.1/asm-9.1.jar:/home/sseighma/.m2/repository/org/slf4j/slf4j-api/2.0.3/slf4j-api-2.0.3.jar:/home/sseighma/.m2/repository/jakarta/xml/bind/jakarta.xml.bind-api/4.0.0/jakarta.xml.bind-api-4.0.0.jar:/home/sseighma/.m2/repository/jakarta/activation/jakarta.activation-api/2.1.0/jakarta.activation-api-2.1.0.jar:/home/sseighma/.m2/repository/org/assertj/assertj-core/3.23.1/assertj-core-3.23.1.jar:/home/sseighma/.m2/repository/net/bytebuddy/byte-buddy/1.12.18/byte-buddy-1.12.18.jar:/home/sseighma/.m2/repository/org/hamcrest/hamcrest/2.2/hamcrest-2.2.jar:/home/sseighma/.m2/repository/org/mockito/mockito-core/4.8.1/mockito-core-4.8.1.jar:/home/sseighma/.m2/repository/net/bytebuddy/byte-buddy-agent/1.12.18/byte-buddy-agent-1.12.18.jar:/home/sseighma/.m2/repository/org/objenesis/objenesis/3.2/objenesis-3.2.jar:/home/sseighma/.m2/repository/org/mockito/mockito-junit-jupiter/4.8.1/mockito-junit-jupiter-4.8.1.jar:/home/sseighma/.m2/repository/org/skyscreamer/jsonassert/1.5.1/jsonassert-1.5.1.jar:/home/sseighma/.m2/repository/com/vaadin/external/google/android-json/0.0.20131108.vaadin1/android-json-0.0.20131108.vaadin1.jar:/home/sseighma/.m2/repository/org/springframework/spring-core/6.0.0-RC4/spring-core-6.0.0-RC4.jar:/home/sseighma/.m2/repository/org/springframework/spring-jcl/6.0.0-RC4/spring-jcl-6.0.0-RC4.jar:/home/sseighma/.m2/repository/org/springframework/spring-test/6.0.0-RC4/spring-test-6.0.0-RC4.jar:/home/sseighma/.m2/repository/org/xmlunit/xmlunit-core/2.9.0/xmlunit-core-2.9.0.jar:/home/sseighma/.m2/repository/org/junit/platform/junit-platform-launcher/1.8.2/junit-platform-launcher-1.8.2.jar:/home/sseighma/.m2/repository/org/junit/platform/junit-platform-engine/1.9.1/junit-platform-engine-1.9.1.jar:/home/sseighma/.m2/repository/org/opentest4j/opentest4j/1.2.0/opentest4j-1.2.0.jar:/home/sseighma/.m2/repository/org/junit/platform/junit-platform-commons/1.9.1/junit-platform-commons-1.9.1.jar:/home/sseighma/.m2/repository/org/apiguardian/apiguardian-api/1.1.2/apiguardian-api-1.1.2.jar:/home/sseighma/.m2/repository/org/junit/jupiter/junit-jupiter/5.8.1/junit-jupiter-5.8.1.jar:/home/sseighma/.m2/repository/org/junit/jupiter/junit-jupiter-api/5.9.1/junit-jupiter-api-5.9.1.jar:/home/sseighma/.m2/repository/org/junit/jupiter/junit-jupiter-params/5.9.1/junit-jupiter-params-5.9.1.jar:/home/sseighma/.m2/repository/org/junit/jupiter/junit-jupiter-engine/5.9.1/junit-jupiter-engine-5.9.1.jar:/home/sseighma/.m2/repository/org/springframework/boot/spring-boot-starter-actuator/3.0.0-RC2/spring-boot-starter-actuator-3.0.0-RC2.jar:/home/sseighma/.m2/repository/org/springframework/boot/spring-boot-actuator-autoconfigure/3.0.0-RC2/spring-boot-actuator-autoconfigure-3.0.0-RC2.jar:/home/sseighma/.m2/repository/org/springframework/boot/spring-boot-actuator/3.0.0-RC2/spring-boot-actuator-3.0.0-RC2.jar:/home/sseighma/.m2/repository/io/micrometer/micrometer-observation/1.10.0/micrometer-observation-1.10.0.jar:/home/sseighma/.m2/repository/io/micrometer/micrometer-commons/1.10.0/micrometer-commons-1.10.0.jar:/home/sseighma/.m2/repository/io/micrometer/micrometer-core/1.10.0/micrometer-core-1.10.0.jar:/home/sseighma/.m2/repository/org/hdrhistogram/HdrHistogram/2.1.12/HdrHistogram-2.1.12.jar:/home/sseighma/.m2/repository/org/latencyutils/LatencyUtils/2.0.3/LatencyUtils-2.0.3.jar:/home/sseighma/.m2/repository/io/micrometer/micrometer-registry-prometheus/1.10.0/micrometer-registry-prometheus-1.10.0.jar:/home/sseighma/.m2/repository/io/prometheus/simpleclient_common/0.16.0/simpleclient_common-0.16.0.jar:/home/sseighma/.m2/repository/io/prometheus/simpleclient/0.16.0/simpleclient-0.16.0.jar:/home/sseighma/.m2/repository/io/prometheus/simpleclient_tracer_otel/0.16.0/simpleclient_tracer_otel-0.16.0.jar:/home/sseighma/.m2/repository/io/prometheus/simpleclient_tracer_common/0.16.0/simpleclient_tracer_common-0.16.0.jar:/home/sseighma/.m2/repository/io/prometheus/simpleclient_tracer_otel_agent/0.16.0/simpleclient_tracer_otel_agent-0.16.0.jar:"/>
    <property name="java.vm.vendor" value="Oracle Corporation"/>
    <property name="sun.arch.data.model" value="64"/>
    <property name="java.vendor.url" value="https://java.oracle.com/"/>
    <property name="os.name" value="Linux"/>
    <property name="java.vm.specification.version" value="17"/>
    <property name="sun.java.launcher" value="SUN_STANDARD"/>
    <property name="user.country" value="US"/>
    <property name="sun.boot.library.path" value="/opt/graalvm-ee-java17-22.3.0/lib"/>
    <property name="sun.java.command" value="/home/sseighma/code/Spring-GraalVM-REST-Example/target/surefire/surefirebooter1987869212578344747.jar /home/sseighma/code/Spring-GraalVM-REST-Example/target/surefire 2022-11-18T16-13-23_892-jvmRun1 surefire13994899865334202454tmp surefire_016187654776338513115tmp"/>
    <property name="jdk.debug" value="release"/>
    <property name="surefire.test.class.path" value="/home/sseighma/code/Spring-GraalVM-REST-Example/target/test-classes:/home/sseighma/code/Spring-GraalVM-REST-Example/target/classes:/home/sseighma/.m2/repository/org/springframework/boot/spring-boot-starter-web/3.0.0-RC2/spring-boot-starter-web-3.0.0-RC2.jar:/home/sseighma/.m2/repository/org/springframework/boot/spring-boot-starter/3.0.0-RC2/spring-boot-starter-3.0.0-RC2.jar:/home/sseighma/.m2/repository/org/springframework/boot/spring-boot/3.0.0-RC2/spring-boot-3.0.0-RC2.jar:/home/sseighma/.m2/repository/org/springframework/boot/spring-boot-autoconfigure/3.0.0-RC2/spring-boot-autoconfigure-3.0.0-RC2.jar:/home/sseighma/.m2/repository/org/springframework/boot/spring-boot-starter-logging/3.0.0-RC2/spring-boot-starter-logging-3.0.0-RC2.jar:/home/sseighma/.m2/repository/ch/qos/logback/logback-classic/1.4.4/logback-classic-1.4.4.jar:/home/sseighma/.m2/repository/ch/qos/logback/logback-core/1.4.4/logback-core-1.4.4.jar:/home/sseighma/.m2/repository/org/apache/logging/log4j/log4j-to-slf4j/2.19.0/log4j-to-slf4j-2.19.0.jar:/home/sseighma/.m2/repository/org/apache/logging/log4j/log4j-api/2.19.0/log4j-api-2.19.0.jar:/home/sseighma/.m2/repository/org/slf4j/jul-to-slf4j/2.0.3/jul-to-slf4j-2.0.3.jar:/home/sseighma/.m2/repository/jakarta/annotation/jakarta.annotation-api/2.1.1/jakarta.annotation-api-2.1.1.jar:/home/sseighma/.m2/repository/org/yaml/snakeyaml/1.33/snakeyaml-1.33.jar:/home/sseighma/.m2/repository/org/springframework/boot/spring-boot-starter-json/3.0.0-RC2/spring-boot-starter-json-3.0.0-RC2.jar:/home/sseighma/.m2/repository/com/fasterxml/jackson/core/jackson-databind/2.14.0-rc3/jackson-databind-2.14.0-rc3.jar:/home/sseighma/.m2/repository/com/fasterxml/jackson/core/jackson-annotations/2.14.0-rc3/jackson-annotations-2.14.0-rc3.jar:/home/sseighma/.m2/repository/com/fasterxml/jackson/core/jackson-core/2.14.0-rc3/jackson-core-2.14.0-rc3.jar:/home/sseighma/.m2/repository/com/fasterxml/jackson/datatype/jackson-datatype-jdk8/2.14.0-rc3/jackson-datatype-jdk8-2.14.0-rc3.jar:/home/sseighma/.m2/repository/com/fasterxml/jackson/datatype/jackson-datatype-jsr310/2.14.0-rc3/jackson-datatype-jsr310-2.14.0-rc3.jar:/home/sseighma/.m2/repository/com/fasterxml/jackson/module/jackson-module-parameter-names/2.14.0-rc3/jackson-module-parameter-names-2.14.0-rc3.jar:/home/sseighma/.m2/repository/org/springframework/boot/spring-boot-starter-tomcat/3.0.0-RC2/spring-boot-starter-tomcat-3.0.0-RC2.jar:/home/sseighma/.m2/repository/org/apache/tomcat/embed/tomcat-embed-core/10.1.1/tomcat-embed-core-10.1.1.jar:/home/sseighma/.m2/repository/org/apache/tomcat/embed/tomcat-embed-el/10.1.1/tomcat-embed-el-10.1.1.jar:/home/sseighma/.m2/repository/org/apache/tomcat/embed/tomcat-embed-websocket/10.1.1/tomcat-embed-websocket-10.1.1.jar:/home/sseighma/.m2/repository/org/springframework/spring-web/6.0.0-RC4/spring-web-6.0.0-RC4.jar:/home/sseighma/.m2/repository/org/springframework/spring-beans/6.0.0-RC4/spring-beans-6.0.0-RC4.jar:/home/sseighma/.m2/repository/org/springframework/spring-webmvc/6.0.0-RC4/spring-webmvc-6.0.0-RC4.jar:/home/sseighma/.m2/repository/org/springframework/spring-aop/6.0.0-RC4/spring-aop-6.0.0-RC4.jar:/home/sseighma/.m2/repository/org/springframework/spring-context/6.0.0-RC4/spring-context-6.0.0-RC4.jar:/home/sseighma/.m2/repository/org/springframework/spring-expression/6.0.0-RC4/spring-expression-6.0.0-RC4.jar:/home/sseighma/.m2/repository/org/springframework/boot/spring-boot-starter-test/3.0.0-RC2/spring-boot-starter-test-3.0.0-RC2.jar:/home/sseighma/.m2/repository/org/springframework/boot/spring-boot-test/3.0.0-RC2/spring-boot-test-3.0.0-RC2.jar:/home/sseighma/.m2/repository/org/springframework/boot/spring-boot-test-autoconfigure/3.0.0-RC2/spring-boot-test-autoconfigure-3.0.0-RC2.jar:/home/sseighma/.m2/repository/com/jayway/jsonpath/json-path/2.7.0/json-path-2.7.0.jar:/home/sseighma/.m2/repository/net/minidev/json-smart/2.4.8/json-smart-2.4.8.jar:/home/sseighma/.m2/repository/net/minidev/accessors-smart/2.4.8/accessors-smart-2.4.8.jar:/home/sseighma/.m2/repository/org/ow2/asm/asm/9.1/asm-9.1.jar:/home/sseighma/.m2/repository/org/slf4j/slf4j-api/2.0.3/slf4j-api-2.0.3.jar:/home/sseighma/.m2/repository/jakarta/xml/bind/jakarta.xml.bind-api/4.0.0/jakarta.xml.bind-api-4.0.0.jar:/home/sseighma/.m2/repository/jakarta/activation/jakarta.activation-api/2.1.0/jakarta.activation-api-2.1.0.jar:/home/sseighma/.m2/repository/org/assertj/assertj-core/3.23.1/assertj-core-3.23.1.jar:/home/sseighma/.m2/repository/net/bytebuddy/byte-buddy/1.12.18/byte-buddy-1.12.18.jar:/home/sseighma/.m2/repository/org/hamcrest/hamcrest/2.2/hamcrest-2.2.jar:/home/sseighma/.m2/repository/org/mockito/mockito-core/4.8.1/mockito-core-4.8.1.jar:/home/sseighma/.m2/repository/net/bytebuddy/byte-buddy-agent/1.12.18/byte-buddy-agent-1.12.18.jar:/home/sseighma/.m2/repository/org/objenesis/objenesis/3.2/objenesis-3.2.jar:/home/sseighma/.m2/repository/org/mockito/mockito-junit-jupiter/4.8.1/mockito-junit-jupiter-4.8.1.jar:/home/sseighma/.m2/repository/org/skyscreamer/jsonassert/1.5.1/jsonassert-1.5.1.jar:/home/sseighma/.m2/repository/com/vaadin/external/google/android-json/0.0.20131108.vaadin1/android-json-0.0.20131108.vaadin1.jar:/home/sseighma/.m2/repository/org/springframework/spring-core/6.0.0-RC4/spring-core-6.0.0-RC4.jar:/home/sseighma/.m2/repository/org/springframework/spring-jcl/6.0.0-RC4/spring-jcl-6.0.0-RC4.jar:/home/sseighma/.m2/repository/org/springframework/spring-test/6.0.0-RC4/spring-test-6.0.0-RC4.jar:/home/sseighma/.m2/repository/org/xmlunit/xmlunit-core/2.9.0/xmlunit-core-2.9.0.jar:/home/sseighma/.m2/repository/org/junit/platform/junit-platform-launcher/1.8.2/junit-platform-launcher-1.8.2.jar:/home/sseighma/.m2/repository/org/junit/platform/junit-platform-engine/1.9.1/junit-platform-engine-1.9.1.jar:/home/sseighma/.m2/repository/org/opentest4j/opentest4j/1.2.0/opentest4j-1.2.0.jar:/home/sseighma/.m2/repository/org/junit/platform/junit-platform-commons/1.9.1/junit-platform-commons-1.9.1.jar:/home/sseighma/.m2/repository/org/apiguardian/apiguardian-api/1.1.2/apiguardian-api-1.1.2.jar:/home/sseighma/.m2/repository/org/junit/jupiter/junit-jupiter/5.8.1/junit-jupiter-5.8.1.jar:/home/sseighma/.m2/repository/org/junit/jupiter/junit-jupiter-api/5.9.1/junit-jupiter-api-5.9.1.jar:/home/sseighma/.m2/repository/org/junit/jupiter/junit-jupiter-params/5.9.1/junit-jupiter-params-5.9.1.jar:/home/sseighma/.m2/repository/org/junit/jupiter/junit-jupiter-engine/5.9.1/junit-jupiter-engine-5.9.1.jar:/home/sseighma/.m2/repository/org/springframework/boot/spring-boot-starter-actuator/3.0.0-RC2/spring-boot-starter-actuator-3.0.0-RC2.jar:/home/sseighma/.m2/repository/org/springframework/boot/spring-boot-actuator-autoconfigure/3.0.0-RC2/spring-boot-actuator-autoconfigure-3.0.0-RC2.jar:/home/sseighma/.m2/repository/org/springframework/boot/spring-boot-actuator/3.0.0-RC2/spring-boot-actuator-3.0.0-RC2.jar:/home/sseighma/.m2/repository/io/micrometer/micrometer-observation/1.10.0/micrometer-observation-1.10.0.jar:/home/sseighma/.m2/repository/io/micrometer/micrometer-commons/1.10.0/micrometer-commons-1.10.0.jar:/home/sseighma/.m2/repository/io/micrometer/micrometer-core/1.10.0/micrometer-core-1.10.0.jar:/home/sseighma/.m2/repository/org/hdrhistogram/HdrHistogram/2.1.12/HdrHistogram-2.1.12.jar:/home/sseighma/.m2/repository/org/latencyutils/LatencyUtils/2.0.3/LatencyUtils-2.0.3.jar:/home/sseighma/.m2/repository/io/micrometer/micrometer-registry-prometheus/1.10.0/micrometer-registry-prometheus-1.10.0.jar:/home/sseighma/.m2/repository/io/prometheus/simpleclient_common/0.16.0/simpleclient_common-0.16.0.jar:/home/sseighma/.m2/repository/io/prometheus/simpleclient/0.16.0/simpleclient-0.16.0.jar:/home/sseighma/.m2/repository/io/prometheus/simpleclient_tracer_otel/0.16.0/simpleclient_tracer_otel-0.16.0.jar:/home/sseighma/.m2/repository/io/prometheus/simpleclient_tracer_common/0.16.0/simpleclient_tracer_common-0.16.0.jar:/home/sseighma/.m2/repository/io/prometheus/simpleclient_tracer_otel_agent/0.16.0/simpleclient_tracer_otel_agent-0.16.0.jar:"/>
    <property name="sun.cpu.endian" value="little"/>
    <property name="user.home" value="/home/sseighma"/>
    <property name="user.language" value="en"/>
    <property name="java.specification.vendor" value="Oracle Corporation"/>
    <property name="skipNativeTests" value="true"/>
    <property name="org.graalvm.nativeimage.imagecode" value="agent"/>
    <property name="java.version.date" value="2022-10-18"/>
    <property name="java.home" value="/opt/graalvm-ee-java17-22.3.0"/>
    <property name="file.separator" value="/"/>
    <property name="basedir" value="/home/sseighma/code/Spring-GraalVM-REST-Example"/>
    <property name="java.vm.compressedOopsMode" value="Zero based"/>
    <property name="jdk.internal.vm.ci.enabled" value="true"/>
    <property name="line.separator" value="&#10;"/>
    <property name="java.vm.specification.vendor" value="Oracle Corporation"/>
    <property name="java.specification.name" value="Java Platform API Specification"/>
    <property name="surefire.real.class.path" value="/home/sseighma/code/Spring-GraalVM-REST-Example/target/surefire/surefirebooter1987869212578344747.jar"/>
    <property name="junit.platform.listeners.uid.tracking.enabled" value="true"/>
    <property name="sun.management.compiler" value="HotSpot 64-Bit Tiered Compilers"/>
    <property name="junit.platform.listeners.uid.tracking.output.dir" value="/home/sseighma/code/Spring-GraalVM-REST-Example/target/test-ids"/>
    <property name="java.runtime.version" value="17.0.5+9-LTS-jvmci-22.3-b07"/>
    <property name="user.name" value="sseighma"/>
    <property name="path.separator" value=":"/>
    <property name="os.version" value="5.10.102.1-microsoft-standard-WSL2"/>
    <property name="java.runtime.name" value="Java(TM) SE Runtime Environment"/>
    <property name="file.encoding" value="UTF-8"/>
    <property name="java.vm.name" value="Java HotSpot(TM) 64-Bit Server VM"/>
    <property name="java.vendor.version" value="GraalVM EE 22.3.0"/>
    <property name="localRepository" value="/home/sseighma/.m2/repository"/>
    <property name="java.vendor.url.bug" value="https://bugreport.java.com/bugreport/"/>
    <property name="java.io.tmpdir" value="/tmp"/>
    <property name="java.version" value="17.0.5"/>
    <property name="user.dir" value="/home/sseighma/code/Spring-GraalVM-REST-Example"/>
    <property name="os.arch" value="amd64"/>
    <property name="java.vm.specification.name" value="Java Virtual Machine Specification"/>
    <property name="native.encoding" value="UTF-8"/>
    <property name="java.library.path" value="/usr/java/packages/lib:/usr/lib64:/lib64:/lib:/usr/lib"/>
    <property name="skipNativeBuild" value="true"/>
    <property name="java.vm.info" value="mixed mode, sharing"/>
    <property name="java.vendor" value="Oracle Corporation"/>
    <property name="java.vm.version" value="17.0.5+9-LTS-jvmci-22.3-b07"/>
    <property name="sun.io.unicode.encoding" value="UnicodeLittle"/>
    <property name="java.class.version" value="61.0"/>
  </properties>
  <testcase name="com.example.restservice.GreetingControllerTests" classname="com.example.restservice.GreetingControllerTests" time="0.315">
    <error message="Could not load CacheAwareContextLoaderDelegate [org.springframework.test.context.cache.DefaultCacheAwareContextLoaderDelegate]" type="java.lang.IllegalStateException">java.lang.IllegalStateException: Could not load CacheAwareContextLoaderDelegate [org.springframework.test.context.cache.DefaultCacheAwareContextLoaderDelegate]
Caused by: org.springframework.beans.BeanInstantiationException: Failed to instantiate [org.springframework.test.context.cache.DefaultCacheAwareContextLoaderDelegate]: Constructor threw exception
Caused by: java.lang.IllegalStateException: Failed to invoke getContextInitializers() method on org.springframework.test.context.aot.AotTestContextInitializers__Generated
Caused by: java.lang.ClassNotFoundException: org.springframework.test.context.aot.AotTestContextInitializers__Generated
</error>
  </testcase>
</testsuite>